2023-05-23 02:21:36,942 [INFO] Activator:176 - 


2023-05-23 02:21:36,942 [INFO] Activator:177 - !SESSION log4j initialized
2023-05-23 02:21:39,945 [INFO] LogOutputStream:77 - [STDOUT_REDIRECT] 
2023-05-23 02:22:01,940 [ERROR] LogOutputStream:75 - [STDERR_REDIRECT] SLF4J: Failed to load class "org.slf4j.impl.StaticLoggerBinder".
2023-05-23 02:22:01,940 [ERROR] LogOutputStream:75 - [STDERR_REDIRECT] SLF4J: Defaulting to no-operation (NOP) logger implementation
2023-05-23 02:22:01,942 [ERROR] LogOutputStream:75 - [STDERR_REDIRECT] SLF4J: See http://www.slf4j.org/codes.html#StaticLoggerBinder for further details.
2023-05-23 02:23:01,195 [INFO] Activator:176 - 


2023-05-23 02:23:01,195 [INFO] Activator:177 - !SESSION log4j initialized
2023-05-23 02:23:05,607 [INFO] LogOutputStream:77 - [STDOUT_REDIRECT] 
2023-05-23 02:23:08,248 [ERROR] ConfigurationRetriever:142 - IOException on connection: Read timed out
2023-05-23 02:23:27,012 [ERROR] LogOutputStream:75 - [STDERR_REDIRECT] SLF4J: Failed to load class "org.slf4j.impl.StaticLoggerBinder".
2023-05-23 02:23:27,013 [ERROR] LogOutputStream:75 - [STDERR_REDIRECT] SLF4J: Defaulting to no-operation (NOP) logger implementation
2023-05-23 02:23:27,013 [ERROR] LogOutputStream:75 - [STDERR_REDIRECT] SLF4J: See http://www.slf4j.org/codes.html#StaticLoggerBinder for further details.
2023-05-22 23:27:11,768 [ERROR] AdobePublisher:183 - Exception while getting the server answer: java.net.SocketTimeoutException: Read timed out
2023-05-23 01:35:26,802 [ERROR] AdobePublisher:183 - Exception while getting the server answer: java.net.SocketTimeoutException: Read timed out
2023-05-23 01:49:34,432 [ERROR] ConfigurationRetriever:142 - IOException on connection: Read timed out
2023-05-23 19:16:32,893 [INFO] Activator:176 - 


2023-05-23 19:16:32,895 [INFO] Activator:177 - !SESSION log4j initialized
2023-05-23 19:16:37,646 [INFO] LogOutputStream:77 - [STDOUT_REDIRECT] 
2023-05-23 19:17:00,210 [ERROR] LogOutputStream:75 - [STDERR_REDIRECT] SLF4J: Failed to load class "org.slf4j.impl.StaticLoggerBinder".
2023-05-23 19:17:00,210 [ERROR] LogOutputStream:75 - [STDERR_REDIRECT] SLF4J: Defaulting to no-operation (NOP) logger implementation
2023-05-23 19:17:00,210 [ERROR] LogOutputStream:75 - [STDERR_REDIRECT] SLF4J: See http://www.slf4j.org/codes.html#StaticLoggerBinder for further details.
